[32m INFO[0m Setting keyboard capability
xkbcommon: ERROR: [XKB-679] No Compose file for locale "en_IN.ISO8859-1": locale is either invalid or not installed
xkbcommon: ERROR: [XKB-679] couldn't find a Compose file for locale "en_IN" (mapped to "en_IN.ISO8859-1")
[32m INFO[0m Setting pointer capability
[32m INFO[0m Win: top-bar layer created successfully.
[32m INFO[0m Win: menu layer created successfully.
[32m INFO[0m Win: workspace layer created successfully.
AppSelector {
    app_list: [
        AppData {
            desktop_file_id: "org.gnome.dspy.desktop",
            is_primary: true,
            image_path: Some(
                "/var/lib/flatpak/exports/share/icons/hicolor/scalable/apps/org.gnome.dspy.svg",
            ),
            name: "D-Spy",
            exec_comm: Some(
                "/usr/bin/flatpak run --branch=stable --arch=x86_64 --command=d-spy org.gnome.dspy",
            ),
        },
        AppData {
            desktop_file_id: "org.gnome.dspy.desktop",
            is_primary: false,
            image_path: Some(
                "/var/lib/flatpak/exports/share/icons/hicolor/scalable/apps/org.gnome.dspy.svg",
            ),
            name: "D-Spy - New Window",
            exec_comm: Some(
                "/usr/bin/flatpak run --branch=stable --arch=x86_64 --command=d-spy org.gnome.dspy --new-window",
            ),
        },
        AppData {
            desktop_file_id: "org.onlyoffice.desktopeditors.desktop",
            is_primary: true,
            image_path: Some(
                "/var/lib/flatpak/exports/share/icons/hicolor/48x48/apps/org.onlyoffice.desktopeditors.png",
            ),
            name: "ONLYOFFICE",
            exec_comm: Some(
                "/usr/bin/flatpak run --branch=stable --arch=x86_64 --command=desktopeditors --file-forwarding org.onlyoffice.desktopeditors",
            ),
        },
        AppData {
            desktop_file_id: "org.onlyoffice.desktopeditors.desktop",
            is_primary: false,
            image_path: Some(
                "/var/lib/flatpak/exports/share/icons/hicolor/48x48/apps/org.onlyoffice.desktopeditors.png",
            ),
            name: "ONLYOFFICE - New document",
            exec_comm: Some(
                "/usr/bin/flatpak run --branch=stable --arch=x86_64 --command=desktopeditors org.onlyoffice.desktopeditors --new:word",
            ),
        },
        AppData {
            desktop_file_id: "org.onlyoffice.desktopeditors.desktop",
            is_primary: false,
            image_path: Some(
                "/var/lib/flatpak/exports/share/icons/hicolor/48x48/apps/org.onlyoffice.desktopeditors.png",
            ),
            name: "ONLYOFFICE - New spreadsheet",
            exec_comm: Some(
                "/usr/bin/flatpak run --branch=stable --arch=x86_64 --command=desktopeditors org.onlyoffice.desktopeditors --new:cell",
            ),
        },
        AppData {
            desktop_file_id: "org.onlyoffice.desktopeditors.desktop",
            is_primary: false,
            image_path: Some(
                "/var/lib/flatpak/exports/share/icons/hicolor/48x48/apps/org.onlyoffice.desktopeditors.png",
            ),
            name: "ONLYOFFICE - New presentation",
            exec_comm: Some(
                "/usr/bin/flatpak run --branch=stable --arch=x86_64 --command=desktopeditors org.onlyoffice.desktopeditors --new:slide",
            ),
        },
        AppData {
            desktop_file_id: "org.onlyoffice.desktopeditors.desktop",
            is_primary: false,
            image_path: Some(
                "/var/lib/flatpak/exports/share/icons/hicolor/48x48/apps/org.onlyoffice.desktopeditors.png",
            ),
            name: "ONLYOFFICE - New PDF",
            exec_comm: Some(
                "/usr/bin/flatpak run --branch=stable --arch=x86_64 --command=desktopeditors org.onlyoffice.desktopeditors --new:form",
            ),
        },
        AppData {
            desktop_file_id: "com.obsproject.Studio.desktop",
            is_primary: true,
            image_path: Some(
                "/var/lib/flatpak/exports/share/icons/hicolor/scalable/apps/com.obsproject.Studio.svg",
            ),
            name: "OBS Studio",
            exec_comm: Some(
                "/usr/bin/flatpak run --branch=stable --arch=x86_64 --command=obs com.obsproject.Studio",
            ),
        },
        AppData {
            desktop_file_id: "com.discordapp.Discord.desktop",
            is_primary: true,
            image_path: Some(
                "/var/lib/flatpak/exports/share/icons/hicolor/scalable/apps/com.discordapp.Discord.svg",
            ),
            name: "Discord",
            exec_comm: Some(
                "/usr/bin/flatpak run --branch=stable --arch=x86_64 --command=com.discordapp.Discord --file-forwarding com.discordapp.Discord",
            ),
        },
        AppData {
            desktop_file_id: "app.zen_browser.zen.desktop",
            is_primary: true,
            image_path: Some(
                "/var/lib/flatpak/exports/share/icons/hicolor/scalable/apps/app.zen_browser.zen.svg",
            ),
            name: "Zen Browser",
            exec_comm: Some(
                "/usr/bin/flatpak run --branch=stable --arch=x86_64 --command=launch-script.sh --file-forwarding app.zen_browser.zen",
            ),
        },
        AppData {
            desktop_file_id: "app.zen_browser.zen.desktop",
            is_primary: false,
            image_path: Some(
                "/var/lib/flatpak/exports/share/icons/hicolor/scalable/apps/app.zen_browser.zen.svg",
            ),
            name: "Zen Browser - Open a New Window",
            exec_comm: Some(
                "/usr/bin/flatpak run --branch=stable --arch=x86_64 --command=launch-script.sh --file-forwarding app.zen_browser.zen",
            ),
        },
        AppData {
            desktop_file_id: "app.zen_browser.zen.desktop",
            is_primary: false,
            image_path: Some(
                "/var/lib/flatpak/exports/share/icons/hicolor/scalable/apps/app.zen_browser.zen.svg",
            ),
            name: "Zen Browser - Open a New Blank Window",
            exec_comm: Some(
                "/usr/bin/flatpak run --branch=stable --arch=x86_64 --command=launch-script.sh --file-forwarding app.zen_browser.zen --blank-window",
            ),
        },
        AppData {
            desktop_file_id: "app.zen_browser.zen.desktop",
            is_primary: false,
            image_path: Some(
                "/var/lib/flatpak/exports/share/icons/hicolor/scalable/apps/app.zen_browser.zen.svg",
            ),
            name: "Zen Browser - Open a New Private Window",
            exec_comm: Some(
                "/usr/bin/flatpak run --branch=stable --arch=x86_64 --command=launch-script.sh --file-forwarding app.zen_browser.zen --private-window",
            ),
        },
        AppData {
            desktop_file_id: "app.zen_browser.zen.desktop",
            is_primary: false,
            image_path: Some(
                "/var/lib/flatpak/exports/share/icons/hicolor/scalable/apps/app.zen_browser.zen.svg",
            ),
            name: "Zen Browser - Open the Profile Manager",
            exec_comm: Some(
                "/usr/bin/flatpak run --branch=stable --arch=x86_64 --command=launch-script.sh --file-forwarding app.zen_browser.zen --ProfileManager",
            ),
        },
        AppData {
            desktop_file_id: "com.visualstudio.code.desktop",
            is_primary: true,
            image_path: Some(
                "/var/lib/flatpak/exports/share/icons/hicolor/64x64/apps/com.visualstudio.code.png",
            ),
            name: "Visual Studio Code",
            exec_comm: Some(
                "/usr/bin/flatpak run --branch=stable --arch=x86_64 --command=code --file-forwarding com.visualstudio.code --reuse-window",
            ),
        },
        AppData {
            desktop_file_id: "com.visualstudio.code.desktop",
            is_primary: false,
            image_path: Some(
                "/var/lib/flatpak/exports/share/icons/hicolor/64x64/apps/com.visualstudio.code.png",
            ),
            name: "Visual Studio Code - New Empty Window",
            exec_comm: Some(
                "/usr/bin/flatpak run --branch=stable --arch=x86_64 --command=code --file-forwarding com.visualstudio.code --new-window",
            ),
        },
        AppData {
            desktop_file_id: "it.mijorus.gearlever.desktop",
            is_primary: true,
            image_path: Some(
                "/var/lib/flatpak/exports/share/icons/hicolor/scalable/apps/it.mijorus.gearlever.svg",
            ),
            name: "Gear Lever",
            exec_comm: Some(
                "/usr/bin/flatpak run --branch=stable --arch=x86_64 --command=gearlever --file-forwarding it.mijorus.gearlever",
            ),
        },
        AppData {
            desktop_file_id: "org.mozilla.Thunderbird.desktop",
            is_primary: true,
            image_path: Some(
                "/var/lib/flatpak/exports/share/icons/hicolor/48x48/apps/org.mozilla.Thunderbird.png",
            ),
            name: "Thunderbird",
            exec_comm: Some(
                "/usr/bin/flatpak run --branch=stable --arch=x86_64 --command=thunderbird --file-forwarding org.mozilla.Thunderbird",
            ),
        },
        AppData {
            desktop_file_id: "org.mozilla.Thunderbird.desktop",
            is_primary: false,
            image_path: Some(
                "/var/lib/flatpak/exports/share/icons/hicolor/48x48/apps/org.mozilla.Thunderbird.png",
            ),
            name: "Thunderbird - Write New Message",
            exec_comm: Some(
                "/usr/bin/flatpak run --branch=stable --arch=x86_64 --command=thunderbird org.mozilla.Thunderbird -compose",
            ),
        },
        AppData {
            desktop_file_id: "org.mozilla.Thunderbird.desktop",
            is_primary: false,
            image_path: Some(
                "/var/lib/flatpak/exports/share/icons/hicolor/48x48/apps/org.mozilla.Thunderbird.png",
            ),
            name: "Thunderbird - Open the Address Book",
            exec_comm: Some(
                "/usr/bin/flatpak run --branch=stable --arch=x86_64 --command=thunderbird org.mozilla.Thunderbird -addressbook",
            ),
        },
        AppData {
            desktop_file_id: "nvim.desktop",
            is_primary: true,
            image_path: Some(
                "/usr/local/share/icons/hicolor/128x128/apps/nvim.png",
            ),
            name: "Neovim",
            exec_comm: Some(
                "nvim",
            ),
        },
        AppData {
            desktop_file_id: "octopi-cachecleaner.desktop",
            is_primary: true,
            image_path: Some(
                "/usr/share/icons/hicolor/48x48/apps/octopi.png",
            ),
            name: "Octopi CacheCleaner",
            exec_comm: Some(
                "/usr/bin/octopi-cachecleaner",
            ),
        },
        AppData {
            desktop_file_id: "octopi-notifier.desktop",
            is_primary: true,
            image_path: Some(
                "/usr/share/icons/hicolor/48x48/apps/octopi.png",
            ),
            name: "Octopi Notifier",
            exec_comm: Some(
                "/usr/bin/octopi-notifier",
            ),
        },
        AppData {
            desktop_file_id: "octopi-repoeditor.desktop",
            is_primary: true,
            image_path: Some(
                "/usr/share/icons/hicolor/48x48/apps/octopi.png",
            ),
            name: "Octopi Repository Editor",
            exec_comm: Some(
                "/usr/bin/octopi-repoeditor",
            ),
        },
        AppData {
            desktop_file_id: "octopi.desktop",
            is_primary: true,
            image_path: Some(
                "/usr/share/icons/hicolor/48x48/apps/octopi.png",
            ),
            name: "Octopi",
            exec_comm: Some(
                "/usr/bin/octopi",
            ),
        },
        AppData {
            desktop_file_id: "org.pulseaudio.pavucontrol.desktop",
            is_primary: true,
            image_path: Some(
                "/usr/share/icons/hicolor/scalable/apps/org.pulseaudio.pavucontrol.svg",
            ),
            name: "Volume Control",
            exec_comm: Some(
                "pavucontrol",
            ),
        },
        AppData {
            desktop_file_id: "org.gnome.Meld.desktop",
            is_primary: true,
            image_path: Some(
                "/usr/share/icons/hicolor/scalable/apps/org.gnome.Meld.svg",
            ),
            name: "Meld",
            exec_comm: Some(
                "meld",
            ),
        },
        AppData {
            desktop_file_id: "qt5ct.desktop",
            is_primary: true,
            image_path: None,
            name: "Qt5 Settings",
            exec_comm: Some(
                "qt5ct",
            ),
        },
        AppData {
            desktop_file_id: "xgps.desktop",
            is_primary: true,
            image_path: Some(
                "/usr/share/gpsd/icons/gpsd-logo.png",
            ),
            name: "xgps",
            exec_comm: Some(
                "xgps",
            ),
        },
        AppData {
            desktop_file_id: "xgpsspeed.desktop",
            is_primary: true,
            image_path: Some(
                "/usr/share/gpsd/icons/gpsd-logo.png",
            ),
            name: "xgpsspeed",
            exec_comm: Some(
                "xgpsspeed",
            ),
        },
        AppData {
            desktop_file_id: "start-tor-browser.desktop",
            is_primary: true,
            image_path: Some(
                "/home/ramayen/tor-browser/Browser/browser/chrome/icons/default/default128.png",
            ),
            name: "Tor Browser",
            exec_comm: Some(
                "sh -c '/home/ramayen/tor-browser/Browser/start-tor-browser || ([ !  -x /home/ramayen/tor-browser/Browser/start-tor-browser ] && $(dirname $*)/Browser/start-tor-browser)' dummy",
            ),
        },
        AppData {
            desktop_file_id: "ranger.desktop",
            is_primary: true,
            image_path: None,
            name: "ranger",
            exec_comm: Some(
                "ranger",
            ),
        },
        AppData {
            desktop_file_id: "micro.desktop",
            is_primary: true,
            image_path: Some(
                "/usr/share/icons/hicolor/scalable/apps/micro.svg",
            ),
            name: "Micro",
            exec_comm: Some(
                "micro",
            ),
        },
        AppData {
            desktop_file_id: "kvantummanager.desktop",
            is_primary: true,
            image_path: Some(
                "/usr/share/icons/hicolor/scalable/apps/kvantum.svg",
            ),
            name: "Kvantum Manager",
            exec_comm: Some(
                "kvantummanager",
            ),
        },
        AppData {
            desktop_file_id: "mpv.desktop",
            is_primary: true,
            image_path: Some(
                "/usr/share/icons/hicolor/32x32/apps/mpv.png",
            ),
            name: "mpv Media Player",
            exec_comm: Some(
                "mpv --player-operation-mode=pseudo-gui --",
            ),
        },
        AppData {
            desktop_file_id: "deluge.desktop",
            is_primary: true,
            image_path: Some(
                "/usr/share/icons/hicolor/48x48/apps/deluge.png",
            ),
            name: "Deluge",
            exec_comm: Some(
                "deluge-gtk",
            ),
        },
        AppData {
            desktop_file_id: "transmission-qt.desktop",
            is_primary: true,
            image_path: Some(
                "/usr/share/icons/hicolor/scalable/apps/transmission-qt.svg",
            ),
            name: "Transmission (Qt)",
            exec_comm: Some(
                "transmission-qt",
            ),
        },
        AppData {
            desktop_file_id: "transmission-qt.desktop",
            is_primary: false,
            image_path: Some(
                "/usr/share/icons/hicolor/scalable/apps/transmission-qt.svg",
            ),
            name: "Transmission (Qt) - Start Transmission Minimized",
            exec_comm: Some(
                "transmission-qt --minimized",
            ),
        },
        AppData {
            desktop_file_id: "uuctl.desktop",
            is_primary: true,
            image_path: None,
            name: "uuctl",
            exec_comm: Some(
                "uuctl",
            ),
        },
        AppData {
            desktop_file_id: "rofi-theme-selector.desktop",
            is_primary: true,
            image_path: Some(
                "/usr/share/icons/hicolor/scalable/apps/rofi.svg",
            ),
            name: "Rofi Theme Selector",
            exec_comm: Some(
                "rofi-theme-selector",
            ),
        },
        AppData {
            desktop_file_id: "rofi.desktop",
            is_primary: true,
            image_path: Some(
                "/usr/share/icons/hicolor/scalable/apps/rofi.svg",
            ),
            name: "Rofi",
            exec_comm: Some(
                "rofi -show",
            ),
        },
        AppData {
            desktop_file_id: "com.github.dynobo.normcap.desktop",
            is_primary: true,
            image_path: None,
            name: "NormCap",
            exec_comm: Some(
                "normcap",
            ),
        },
        AppData {
            desktop_file_id: "qv4l2.desktop",
            is_primary: true,
            image_path: Some(
                "/usr/share/icons/hicolor/32x32/apps/qv4l2.png",
            ),
            name: "Qt V4L2 test Utility",
            exec_comm: Some(
                "qv4l2",
            ),
        },
        AppData {
            desktop_file_id: "qvidcap.desktop",
            is_primary: true,
            image_path: Some(
                "/usr/share/icons/hicolor/32x32/apps/qvidcap.png",
            ),
            name: "Qt V4L2 video capture utility",
            exec_comm: Some(
                "qvidcap",
            ),
        },
        AppData {
            desktop_file_id: "cachyos-pi.desktop",
            is_primary: true,
            image_path: Some(
                "/usr/share/icons/hicolor/scalable/apps/cachyos-pi.png",
            ),
            name: "CachyOS Package Installer",
            exec_comm: Some(
                "/usr/bin/cachyos-pi",
            ),
        },
        AppData {
            desktop_file_id: "org.kde.dolphin.desktop",
            is_primary: true,
            image_path: Some(
                "/usr/share/icons/hicolor/scalable/apps/org.kde.dolphin.svg",
            ),
            name: "Dolphin",
            exec_comm: Some(
                "dolphin",
            ),
        },
        AppData {
            desktop_file_id: "org.kde.kamoso.desktop",
            is_primary: true,
            image_path: Some(
                "/usr/share/icons/hicolor/48x48/apps/kamoso.png",
            ),
            name: "Kamoso",
            exec_comm: Some(
                "kamoso -qwindowtitle",
            ),
        },
        AppData {
            desktop_file_id: "org.cachyos.scx-manager.desktop",
            is_primary: true,
            image_path: Some(
                "/usr/share/icons/hicolor/scalable/apps/org.cachyos.scx-manager.png",
            ),
            name: "SchedExt GUI Manager",
            exec_comm: Some(
                "scx-manager",
            ),
        },
        AppData {
            desktop_file_id: "ca.desrt.dconf-editor.desktop",
            is_primary: true,
            image_path: Some(
                "/usr/share/icons/hicolor/scalable/apps/ca.desrt.dconf-editor.svg",
            ),
            name: "dconf Editor",
            exec_comm: Some(
                "dconf-editor",
            ),
        },
        AppData {
            desktop_file_id: "org.cachyos.KernelManager.desktop",
            is_primary: true,
            image_path: Some(
                "/usr/share/icons/hicolor/48x48/apps/org.cachyos.KernelManager.png",
            ),
            name: "CachyOS Kernel Manager",
            exec_comm: Some(
                "cachyos-kernel-manager",
            ),
        },
        AppData {
            desktop_file_id: "kitty.desktop",
            is_primary: true,
            image_path: Some(
                "/usr/share/icons/hicolor/scalable/apps/kitty.svg",
            ),
            name: "kitty",
            exec_comm: Some(
                "kitty",
            ),
        },
        AppData {
            desktop_file_id: "btop.desktop",
            is_primary: true,
            image_path: Some(
                "/usr/share/icons/hicolor/48x48/apps/btop.png",
            ),
            name: "btop++",
            exec_comm: Some(
                "btop",
            ),
        },
        AppData {
            desktop_file_id: "btrfs-assistant.desktop",
            is_primary: true,
            image_path: Some(
                "/usr/share/icons/hicolor/scalable/apps/btrfs-assistant.svg",
            ),
            name: "Btrfs Assistant",
            exec_comm: Some(
                "btrfs-assistant-launcher",
            ),
        },
        AppData {
            desktop_file_id: "cmake-gui.desktop",
            is_primary: true,
            image_path: Some(
                "/usr/share/icons/hicolor/32x32/apps/CMakeSetup.png",
            ),
            name: "CMake",
            exec_comm: Some(
                "cmake-gui",
            ),
        },
        AppData {
            desktop_file_id: "gimp.desktop",
            is_primary: true,
            image_path: Some(
                "/usr/share/icons/hicolor/48x48/apps/gimp.png",
            ),
            name: "GNU Image Manipulation Program",
            exec_comm: Some(
                "gimp-3.2",
            ),
        },
        AppData {
            desktop_file_id: "org.pwmt.zathura.desktop",
            is_primary: true,
            image_path: Some(
                "/usr/share/icons/hicolor/32x32/apps/org.pwmt.zathura.png",
            ),
            name: "Zathura",
            exec_comm: Some(
                "zathura",
            ),
        },
        AppData {
            desktop_file_id: "Alacritty.desktop",
            is_primary: true,
            image_path: Some(
                "/usr/share/pixmaps/Alacritty.svg",
            ),
            name: "Alacritty",
            exec_comm: Some(
                "alacritty",
            ),
        },
        AppData {
            desktop_file_id: "Alacritty.desktop",
            is_primary: false,
            image_path: Some(
                "/usr/share/pixmaps/Alacritty.svg",
            ),
            name: "Alacritty - New Terminal",
            exec_comm: Some(
                "alacritty",
            ),
        },
        AppData {
            desktop_file_id: "avahi-discover.desktop",
            is_primary: true,
            image_path: None,
            name: "Avahi Zeroconf Browser",
            exec_comm: Some(
                "/usr/bin/avahi-discover",
            ),
        },
        AppData {
            desktop_file_id: "bssh.desktop",
            is_primary: true,
            image_path: None,
            name: "Avahi SSH Server Browser",
            exec_comm: Some(
                "/usr/bin/bssh",
            ),
        },
        AppData {
            desktop_file_id: "bvnc.desktop",
            is_primary: true,
            image_path: None,
            name: "Avahi VNC Server Browser",
            exec_comm: Some(
                "/usr/bin/bvnc",
            ),
        },
        AppData {
            desktop_file_id: "brave-browser.desktop",
            is_primary: true,
            image_path: Some(
                "/usr/share/icons/hicolor/48x48/apps/brave-desktop.png",
            ),
            name: "Brave",
            exec_comm: Some(
                "brave",
            ),
        },
        AppData {
            desktop_file_id: "brave-browser.desktop",
            is_primary: false,
            image_path: Some(
                "/usr/share/icons/hicolor/48x48/apps/brave-desktop.png",
            ),
            name: "Brave - New Window",
            exec_comm: Some(
                "brave",
            ),
        },
        AppData {
            desktop_file_id: "brave-browser.desktop",
            is_primary: false,
            image_path: Some(
                "/usr/share/icons/hicolor/48x48/apps/brave-desktop.png",
            ),
            name: "Brave - New Incognito Window",
            exec_comm: Some(
                "brave --incognito",
            ),
        },
        AppData {
            desktop_file_id: "firefox.desktop",
            is_primary: true,
            image_path: Some(
                "/usr/share/icons/hicolor/48x48/apps/firefox.png",
            ),
            name: "Firefox",
            exec_comm: Some(
                "/usr/lib/firefox/firefox",
            ),
        },
        AppData {
            desktop_file_id: "firefox.desktop",
            is_primary: false,
            image_path: Some(
                "/usr/share/icons/hicolor/48x48/apps/firefox.png",
            ),
            name: "Firefox - New Window",
            exec_comm: Some(
                "/usr/lib/firefox/firefox --new-window",
            ),
        },
        AppData {
            desktop_file_id: "firefox.desktop",
            is_primary: false,
            image_path: Some(
                "/usr/share/icons/hicolor/48x48/apps/firefox.png",
            ),
            name: "Firefox - New Private Window",
            exec_comm: Some(
                "/usr/lib/firefox/firefox --private-window",
            ),
        },
        AppData {
            desktop_file_id: "firefox.desktop",
            is_primary: false,
            image_path: Some(
                "/usr/share/icons/hicolor/48x48/apps/firefox.png",
            ),
            name: "Firefox - Open Profile Manager",
            exec_comm: Some(
                "/usr/lib/firefox/firefox --ProfileManager",
            ),
        },
        AppData {
            desktop_file_id: "org.gnome.Nautilus.desktop",
            is_primary: true,
            image_path: Some(
                "/usr/share/icons/hicolor/scalable/apps/org.gnome.Nautilus.svg",
            ),
            name: "Files",
            exec_comm: Some(
                "nautilus --new-window",
            ),
        },
        AppData {
            desktop_file_id: "org.gnome.Nautilus.desktop",
            is_primary: false,
            image_path: Some(
                "/usr/share/icons/hicolor/scalable/apps/org.gnome.Nautilus.svg",
            ),
            name: "Files - New Window",
            exec_comm: Some(
                "nautilus --new-window",
            ),
        },
        AppData {
            desktop_file_id: "vim.desktop",
            is_primary: true,
            image_path: Some(
                "/usr/share/icons/hicolor/48x48/apps/gvim.png",
            ),
            name: "Vim",
            exec_comm: Some(
                "vim",
            ),
        },
        AppData {
            desktop_file_id: "cachyos-hello.desktop",
            is_primary: true,
            image_path: Some(
                "/usr/share/icons/hicolor/scalable/apps/org.cachyos.hello.svg",
            ),
            name: "CachyOS Hello",
            exec_comm: Some(
                "/usr/bin/cachyos-hello",
            ),
        },
        AppData {
            desktop_file_id: "dev.zed.Zed.desktop",
            is_primary: true,
            image_path: Some(
                "/home/ramayen/.local/zed.app/share/icons/hicolor/512x512/apps/zed.png",
            ),
            name: "Zed",
            exec_comm: Some(
                "/home/ramayen/.local/zed.app/bin/zed",
            ),
        },
        AppData {
            desktop_file_id: "dev.zed.Zed.desktop",
            is_primary: false,
            image_path: Some(
                "/home/ramayen/.local/zed.app/share/icons/hicolor/512x512/apps/zed.png",
            ),
            name: "Zed - Open a new workspace",
            exec_comm: Some(
                "/home/ramayen/.local/zed.app/bin/zed --new",
            ),
        },
        AppData {
            desktop_file_id: "logseq.desktop",
            is_primary: true,
            image_path: Some(
                "/home/ramayen/AppImages/.icons/logseq",
            ),
            name: "Logseq",
            exec_comm: Some(
                "env DESKTOPINTEGRATION=1 /home/ramayen/AppImages/logseq.appimage",
            ),
        },
        AppData {
            desktop_file_id: "audacity.desktop",
            is_primary: true,
            image_path: Some(
                "/home/ramayen/AppImages/.icons/audacity",
            ),
            name: "Audacity",
            exec_comm: Some(
                "env DESKTOPINTEGRATION=1 /home/ramayen/AppImages/audacity.appimage",
            ),
        },
        AppData {
            desktop_file_id: "synfig_studio.desktop",
            is_primary: true,
            image_path: Some(
                "/home/ramayen/AppImages/.icons/synfig_studio",
            ),
            name: "Synfig Studio",
            exec_comm: Some(
                "env DESKTOPINTEGRATION=1 /home/ramayen/AppImages/synfig_studio.appimage",
            ),
        },
    ],
}
[32m INFO[0m [1mslint-log[0m[2m:[0m Error loading image from /home/ramayen/AppImages/.icons/logseq: No such file or directory (os error 2)
[32m INFO[0m [1mslint-log[0m[2m:[0m Error loading image from /home/ramayen/AppImages/.icons/audacity: No such file or directory (os error 2)
[32m INFO[0m [1mslint-log[0m[2m:[0m Error loading image from /home/ramayen/AppImages/.icons/synfig_studio: The image format could not be determined
[32m INFO[0m Win: input region removed: [x: 0, y: 35, width: 1536, height: 575]
[32m INFO[0m [1mwidget[0m[1m{[0m[3mname[0m[2m=[0m"menu"[1m}[0m[2m:[0m Setting keyboard capability
xkbcommon: ERROR: [XKB-679] No Compose file for locale "en_IN.ISO8859-1": locale is either invalid or not installed
xkbcommon: ERROR: [XKB-679] couldn't find a Compose file for locale "en_IN" (mapped to "en_IN.ISO8859-1")
[32m INFO[0m [1mwidget[0m[1m{[0m[3mname[0m[2m=[0m"menu"[1m}[0m[2m:[0m Setting pointer capability
[32m INFO[0m [1mwidget[0m[1m{[0m[3mname[0m[2m=[0m"menu"[1m}[0m[2m:[0m Scale factor changed, compositor msg
[32m INFO[0m [1mwidget[0m[1m{[0m[3mname[0m[2m=[0m"menu"[1m}[0m[2m:[0m Scale factor changed, invoked from custom trait. 150
[32m INFO[0m [1mwidget[0m[1m{[0m[3mname[0m[2m=[0m"menu"[1m}[0m[2m:[0m Physical Size: width: 470, height: 720
[32m INFO[0m [1mwidget[0m[1m{[0m[3mname[0m[2m=[0m"menu"[1m}[0m[2m:[0m Win: view toggled
[32m INFO[0m [1mwidget[0m[1m{[0m[3mname[0m[2m=[0m"menu"[1m}[0m[2m:[0m Win: Hiding window
[32m INFO[0m [1mwidget[0m[1m{[0m[3mname[0m[2m=[0m"workspace"[1m}[0m[2m:[0m Setting keyboard capability
xkbcommon: ERROR: [XKB-679] No Compose file for locale "en_IN.ISO8859-1": locale is either invalid or not installed
xkbcommon: ERROR: [XKB-679] couldn't find a Compose file for locale "en_IN" (mapped to "en_IN.ISO8859-1")
[32m INFO[0m [1mwidget[0m[1m{[0m[3mname[0m[2m=[0m"workspace"[1m}[0m[2m:[0m Setting pointer capability
[32m INFO[0m [1mwidget[0m[1m{[0m[3mname[0m[2m=[0m"workspace"[1m}[0m[2m:[0m Scale factor changed, compositor msg
[32m INFO[0m [1mwidget[0m[1m{[0m[3mname[0m[2m=[0m"workspace"[1m}[0m[2m:[0m Scale factor changed, invoked from custom trait. 150
[32m INFO[0m [1mwidget[0m[1m{[0m[3mname[0m[2m=[0m"workspace"[1m}[0m[2m:[0m Physical Size: width: 9, height: 1038
[32m INFO[0m [1mwidget[0m[1m{[0m[3mname[0m[2m=[0m"top-bar"[1m}[0m[2m:[0m Scale factor changed, compositor msg
[32m INFO[0m [1mwidget[0m[1m{[0m[3mname[0m[2m=[0m"top-bar"[1m}[0m[2m:[0m Scale factor changed, invoked from custom trait. 150
[32m INFO[0m [1mwidget[0m[1m{[0m[3mname[0m[2m=[0m"top-bar"[1m}[0m[2m:[0m Physical Size: width: 1920, height: 763
[32m INFO[0m [1mwidget[0m[1m{[0m[3mname[0m[2m=[0m"menu"[1m}[0m[2m:[0m Win: view toggled
[32m INFO[0m [1mwidget[0m[1m{[0m[3mname[0m[2m=[0m"menu"[1m}[0m[2m:[0m Win: Showing window again
[32m INFO[0m [1mwidget[0m[1m{[0m[3mname[0m[2m=[0m"menu"[1m}[0m[2m:[0m Keyboard focus entered
[32m INFO[0m [1mwidget[0m[1m{[0m[3mname[0m[2m=[0m"menu"[1m}[0m[2m:[0m Win: view toggled
[32m INFO[0m [1mwidget[0m[1m{[0m[3mname[0m[2m=[0m"menu"[1m}[0m[2m:[0m Win: Hiding window
[32m INFO[0m [1mwidget[0m[1m{[0m[3mname[0m[2m=[0m"menu"[1m}[0m[2m:[0m Keyboard focus left
[32m INFO[0m [1mwidget[0m[1m{[0m[3mname[0m[2m=[0m"menu"[1m}[0m[2m:[0m Win: view toggled
[32m INFO[0m [1mwidget[0m[1m{[0m[3mname[0m[2m=[0m"menu"[1m}[0m[2m:[0m Win: Showing window again
[32m INFO[0m [1mwidget[0m[1m{[0m[3mname[0m[2m=[0m"menu"[1m}[0m[2m:[0m Keyboard focus entered
[32m INFO[0m [1mwidget[0m[1m{[0m[3mname[0m[2m=[0m"top-bar"[1m}[0m[2m:[0m Pointer left: (28.0625, 28.72265625)
Updated device 'intel_backlight':
Device 'intel_backlight' of class 'backlight':
	Current brightness: 15552 (81%)
	Max brightness: 19200

Updated device 'intel_backlight':
Device 'intel_backlight' of class 'backlight':
	Current brightness: 9216 (48%)
	Max brightness: 19200

Updated device 'intel_backlight':
Device 'intel_backlight' of class 'backlight':
	Current brightness: 9216 (48%)
	Max brightness: 19200

Updated device 'intel_backlight':
Device 'intel_backlight' of class 'backlight':
	Current brightness: 9216 (48%)
	Max brightness: 19200

Updated device 'intel_backlight':
Device 'intel_backlight' of class 'backlight':
	Current brightness: 14592 (76%)
	Max brightness: 19200

Updated device 'intel_backlight':
Device 'intel_backlight' of class 'backlight':
	Current brightness: 14592 (76%)
	Max brightness: 19200

Updated device 'intel_backlight':
Device 'intel_backlight' of class 'backlight':
	Current brightness: 14592 (76%)
	Max brightness: 19200

Updated device 'intel_backlight':
Device 'intel_backlight' of class 'backlight':
	Current brightness: 15552 (81%)
	Max brightness: 19200

Updated device 'intel_backlight':
Device 'intel_backlight' of class 'backlight':
	Current brightness: 15552 (81%)
	Max brightness: 19200

Updated device 'intel_backlight':
Device 'intel_backlight' of class 'backlight':
	Current brightness: 15552 (81%)
	Max brightness: 19200

Updated device 'intel_backlight':
Device 'intel_backlight' of class 'backlight':
	Current brightness: 18816 (98%)
	Max brightness: 19200

[32m INFO[0m [1mwidget[0m[1m{[0m[3mname[0m[2m=[0m"menu"[1m}[0m[2m:[0m Pointer left: (2.40625, 0.1640625)
[32m INFO[0m [1mwidget[0m[1m{[0m[3mname[0m[2m=[0m"menu"[1m}[0m[2m:[0m Win: view toggled
[32m INFO[0m [1mwidget[0m[1m{[0m[3mname[0m[2m=[0m"menu"[1m}[0m[2m:[0m Win: Hiding window
[32m INFO[0m [1mwidget[0m[1m{[0m[3mname[0m[2m=[0m"menu"[1m}[0m[2m:[0m Keyboard focus left
[32m INFO[0m [1mwidget[0m[1m{[0m[3mname[0m[2m=[0m"top-bar"[1m}[0m[2m:[0m Pointer left: (43.65234375, 31.83203125)
[32m INFO[0m [1mwidget[0m[1m{[0m[3mname[0m[2m=[0m"workspace"[1m}[0m[2m:[0m Pointer left: (6.41015625, 305.82421875)
[32m INFO[0m [1mwidget[0m[1m{[0m[3mname[0m[2m=[0m"top-bar"[1m}[0m[2m:[0m Pointer left: (514.9609375, 26.36328125)
[32m INFO[0m [1mwidget[0m[1m{[0m[3mname[0m[2m=[0m"top-bar"[1m}[0m[2m:[0m Pointer left: (343.8828125, 23.51171875)
[32m INFO[0m [1mwidget[0m[1m{[0m[3mname[0m[2m=[0m"top-bar"[1m}[0m[2m:[0m Pointer left: (1479.1875, 27.71875)
[32m INFO[0m [1mwidget[0m[1m{[0m[3mname[0m[2m=[0m"workspace"[1m}[0m[2m:[0m Pointer left: (0.0, 425.40234375)
[32m INFO[0m [1mwidget[0m[1m{[0m[3mname[0m[2m=[0m"top-bar"[1m}[0m[2m:[0m Win: input region added: [x: 0, y: 35, width: 1536, height: 565]
[32m INFO[0m [1mwidget[0m[1m{[0m[3mname[0m[2m=[0m"top-bar"[1m}[0m[2m:[0m Keyboard focus entered
[32m INFO[0m [1mslint-log[0m[2m:[0m false
[32m INFO[0m [1mslint-log[0m[2m:[0m t
[32m INFO[0m [1mslint-log[0m[2m:[0m false
[32m INFO[0m [1mslint-log[0m[2m:[0m o
[32m INFO[0m [1mslint-log[0m[2m:[0m false
[32m INFO[0m [1mslint-log[0m[2m:[0m r
[32m INFO[0m [1mslint-log[0m[2m:[0m false
[32m INFO[0m [1mslint-log[0m[2m:[0m 

"setsid" "sh" "-c" "sh -c '/home/ramayen/tor-browser/Browser/start-tor-browser || ([ !  -x /home/ramayen/tor-browser/Browser/start-tor-browser ] && $(dirname $*)/Browser/start-tor-browser)' dummy"
"sh -c '/home/ramayen/tor-browser/Browser/start-tor-browser || ([ !  -x /home/ramayen/tor-browser/Browser/start-tor-browser ] && $(dirname $*)/Browser/start-tor-browser)' dummy"
[32m INFO[0m [1mwidget[0m[1m{[0m[3mname[0m[2m=[0m"top-bar"[1m}[0m[2m:[0m Win: input region removed: [x: 0, y: 35, width: 1536, height: 565]
[32m INFO[0m [1mwidget[0m[1m{[0m[3mname[0m[2m=[0m"top-bar"[1m}[0m[2m:[0m Keyboard focus left
[32m INFO[0m [1mwidget[0m[1m{[0m[3mname[0m[2m=[0m"top-bar"[1m}[0m[2m:[0m Pointer left: (827.73828125, 333.4140625)
[32m INFO[0m [1mwidget[0m[1m{[0m[3mname[0m[2m=[0m"workspace"[1m}[0m[2m:[0m Pointer left: (4.484375, 647.265625)
[32m INFO[0m [1mwidget[0m[1m{[0m[3mname[0m[2m=[0m"top-bar"[1m}[0m[2m:[0m Win: input region added: [x: 0, y: 35, width: 1536, height: 565]
[32m INFO[0m [1mwidget[0m[1m{[0m[3mname[0m[2m=[0m"top-bar"[1m}[0m[2m:[0m Keyboard focus entered
[32m INFO[0m [1mslint-log[0m[2m:[0m false
[32m INFO[0m [1mslint-log[0m[2m:[0m d
[32m INFO[0m [1mslint-log[0m[2m:[0m false
[32m INFO[0m [1mslint-log[0m[2m:[0m e
[32m INFO[0m [1mslint-log[0m[2m:[0m false
[32m INFO[0m [1mslint-log[0m[2m:[0m l
[32m INFO[0m [1mslint-log[0m[2m:[0m false
[32m INFO[0m [1mslint-log[0m[2m:[0m 

"setsid" "sh" "-c" "deluge-gtk"
"deluge-gtk"
[32m INFO[0m [1mwidget[0m[1m{[0m[3mname[0m[2m=[0m"top-bar"[1m}[0m[2m:[0m Win: input region removed: [x: 0, y: 35, width: 1536, height: 565]
[32m INFO[0m [1mwidget[0m[1m{[0m[3mname[0m[2m=[0m"top-bar"[1m}[0m[2m:[0m Keyboard focus left
[32m INFO[0m [1mwidget[0m[1m{[0m[3mname[0m[2m=[0m"top-bar"[1m}[0m[2m:[0m Pointer left: (1026.4375, 403.796875)
[32m INFO[0m [1mwidget[0m[1m{[0m[3mname[0m[2m=[0m"top-bar"[1m}[0m[2m:[0m Pointer left: (282.39453125, 34.90234375)
[32m INFO[0m [1mwidget[0m[1m{[0m[3mname[0m[2m=[0m"workspace"[1m}[0m[2m:[0m Pointer left: (4.609375, 54.66796875)
[32m INFO[0m [1mwidget[0m[1m{[0m[3mname[0m[2m=[0m"top-bar"[1m}[0m[2m:[0m Pointer left: (466.34765625, 31.55078125)
[32m INFO[0m [1mwidget[0m[1m{[0m[3mname[0m[2m=[0m"top-bar"[1m}[0m[2m:[0m Pointer left: (681.015625, 34.8828125)
[32m INFO[0m [1mwidget[0m[1m{[0m[3mname[0m[2m=[0m"workspace"[1m}[0m[2m:[0m Pointer left: (2.84765625, 469.8203125)
[32m INFO[0m [1mwidget[0m[1m{[0m[3mname[0m[2m=[0m"workspace"[1m}[0m[2m:[0m Pointer left: (6.78125, 486.4140625)
[32m INFO[0m [1mwidget[0m[1m{[0m[3mname[0m[2m=[0m"workspace"[1m}[0m[2m:[0m Pointer left: (4.25390625, 418.20703125)
[32m INFO[0m [1mwidget[0m[1m{[0m[3mname[0m[2m=[0m"workspace"[1m}[0m[2m:[0m Pointer left: (5.69921875, 558.88671875)
[32m INFO[0m [1mwidget[0m[1m{[0m[3mname[0m[2m=[0m"top-bar"[1m}[0m[2m:[0m Pointer left: (1450.76953125, 32.421875)
[32m INFO[0m [1mwidget[0m[1m{[0m[3mname[0m[2m=[0m"top-bar"[1m}[0m[2m:[0m Pointer left: (1446.3359375, 32.10546875)
[32m INFO[0m [1mwidget[0m[1m{[0m[3mname[0m[2m=[0m"top-bar"[1m}[0m[2m:[0m Pointer left: (1236.10546875, 28.5)
[32m INFO[0m [1mwidget[0m[1m{[0m[3mname[0m[2m=[0m"workspace"[1m}[0m[2m:[0m Pointer left: (6.66015625, 427.85546875)
[32m INFO[0m [1mwidget[0m[1m{[0m[3mname[0m[2m=[0m"workspace"[1m}[0m[2m:[0m Pointer left: (5.68359375, 417.9453125)
[32m INFO[0m [1mwidget[0m[1m{[0m[3mname[0m[2m=[0m"top-bar"[1m}[0m[2m:[0m Pointer left: (869.328125, 34.19921875)
[32m INFO[0m [1mwidget[0m[1m{[0m[3mname[0m[2m=[0m"workspace"[1m}[0m[2m:[0m Pointer left: (6.41015625, 533.8125)
[32m INFO[0m [1mwidget[0m[1m{[0m[3mname[0m[2m=[0m"workspace"[1m}[0m[2m:[0m Pointer left: (0.0, 246.11328125)
[32m INFO[0m [1mwidget[0m[1m{[0m[3mname[0m[2m=[0m"workspace"[1m}[0m[2m:[0m Pointer left: (5.69921875, 343.66796875)
[32m INFO[0m [1mwidget[0m[1m{[0m[3mname[0m[2m=[0m"top-bar"[1m}[0m[2m:[0m Pointer left: (452.4765625, 26.36328125)
[32m INFO[0m [1mwidget[0m[1m{[0m[3mname[0m[2m=[0m"top-bar"[1m}[0m[2m:[0m Pointer left: (1535.0, 22.01953125)
[32m INFO[0m [1mwidget[0m[1m{[0m[3mname[0m[2m=[0m"workspace"[1m}[0m[2m:[0m Pointer left: (4.2734375, 594.9609375)
[32m INFO[0m [1mwidget[0m[1m{[0m[3mname[0m[2m=[0m"top-bar"[1m}[0m[2m:[0m Pointer left: (1053.90234375, 0.0)
[32m INFO[0m [1mwidget[0m[1m{[0m[3mname[0m[2m=[0m"top-bar"[1m}[0m[2m:[0m Pointer left: (942.671875, 34.20703125)
[32m INFO[0m [1mwidget[0m[1m{[0m[3mname[0m[2m=[0m"top-bar"[1m}[0m[2m:[0m Pointer left: (542.3203125, 26.37109375)
[32m INFO[0m [1mwidget[0m[1m{[0m[3mname[0m[2m=[0m"workspace"[1m}[0m[2m:[0m Pointer left: (5.6796875, 570.984375)
[32m INFO[0m [1mwidget[0m[1m{[0m[3mname[0m[2m=[0m"top-bar"[1m}[0m[2m:[0m Pointer left: (1175.046875, 27.40625)
[32m INFO[0m [1mwidget[0m[1m{[0m[3mname[0m[2m=[0m"top-bar"[1m}[0m[2m:[0m Pointer left: (718.65625, 34.18359375)
[32m INFO[0m [1mwidget[0m[1m{[0m[3mname[0m[2m=[0m"top-bar"[1m}[0m[2m:[0m Pointer left: (1450.703125, 31.69140625)
[32m INFO[0m [1mwidget[0m[1m{[0m[3mname[0m[2m=[0m"workspace"[1m}[0m[2m:[0m Pointer left: (4.984375, 548.28125)
[32m INFO[0m [1mwidget[0m[1m{[0m[3mname[0m[2m=[0m"workspace"[1m}[0m[2m:[0m Pointer left: (5.4453125, 366.9609375)
[32m INFO[0m [1mwidget[0m[1m{[0m[3mname[0m[2m=[0m"workspace"[1m}[0m[2m:[0m Pointer left: (2.49609375, 667.74609375)
[32m INFO[0m [1mwidget[0m[1m{[0m[3mname[0m[2m=[0m"workspace"[1m}[0m[2m:[0m Pointer left: (6.11328125, 474.70703125)
[32m INFO[0m [1mwidget[0m[1m{[0m[3mname[0m[2m=[0m"workspace"[1m}[0m[2m:[0m Pointer left: (0.0, 275.98828125)
[32m INFO[0m [1mwidget[0m[1m{[0m[3mname[0m[2m=[0m"top-bar"[1m}[0m[2m:[0m Pointer left: (234.6171875, 34.71484375)
[32m INFO[0m [1mwidget[0m[1m{[0m[3mname[0m[2m=[0m"workspace"[1m}[0m[2m:[0m Pointer left: (3.5625, 537.171875)
[32m INFO[0m [1mwidget[0m[1m{[0m[3mname[0m[2m=[0m"workspace"[1m}[0m[2m:[0m Pointer left: (5.515625, 729.65625)
[32m INFO[0m [1mwidget[0m[1m{[0m[3mname[0m[2m=[0m"workspace"[1m}[0m[2m:[0m Pointer left: (2.84765625, 639.55859375)
[32m INFO[0m [1mwidget[0m[1m{[0m[3mname[0m[2m=[0m"workspace"[1m}[0m[2m:[0m Pointer left: (5.421875, 97.0625)
[32m INFO[0m [1mwidget[0m[1m{[0m[3mname[0m[2m=[0m"top-bar"[1m}[0m[2m:[0m Win: input region added: [x: 0, y: 35, width: 1536, height: 565]
[32m INFO[0m [1mwidget[0m[1m{[0m[3mname[0m[2m=[0m"top-bar"[1m}[0m[2m:[0m Keyboard focus entered
[32m INFO[0m [1mslint-log[0m[2m:[0m false
[32m INFO[0m [1mslint-log[0m[2m:[0m n
[32m INFO[0m [1mslint-log[0m[2m:[0m false
[32m INFO[0m [1mslint-log[0m[2m:[0m o
[32m INFO[0m [1mslint-log[0m[2m:[0m false
[32m INFO[0m [1mslint-log[0m[2m:[0m t
[32m INFO[0m [1mslint-log[0m[2m:[0m false
[32m INFO[0m [1mslint-log[0m[2m:[0m i
[32m INFO[0m [1mslint-log[0m[2m:[0m false
[32m INFO[0m [1mslint-log[0m[2m:[0m \x08
[32m INFO[0m [1mslint-log[0m[2m:[0m false
[32m INFO[0m [1mslint-log[0m[2m:[0m \x08
[32m INFO[0m [1mslint-log[0m[2m:[0m false
[32m INFO[0m [1mslint-log[0m[2m:[0m \x08
[32m INFO[0m [1mslint-log[0m[2m:[0m false
[32m INFO[0m [1mslint-log[0m[2m:[0m \x08
[32m INFO[0m [1mwidget[0m[1m{[0m[3mname[0m[2m=[0m"top-bar"[1m}[0m[2m:[0m Win: input region removed: [x: 0, y: 35, width: 1536, height: 565]
[32m INFO[0m [1mwidget[0m[1m{[0m[3mname[0m[2m=[0m"top-bar"[1m}[0m[2m:[0m Keyboard focus left
[32m INFO[0m [1mwidget[0m[1m{[0m[3mname[0m[2m=[0m"top-bar"[1m}[0m[2m:[0m Pointer left: (1100.5859375, 491.71484375)
[32m INFO[0m [1mwidget[0m[1m{[0m[3mname[0m[2m=[0m"workspace"[1m}[0m[2m:[0m Pointer left: (6.41015625, 480.94140625)
[32m INFO[0m [1mwidget[0m[1m{[0m[3mname[0m[2m=[0m"top-bar"[1m}[0m[2m:[0m Win: input region added: [x: 0, y: 35, width: 1536, height: 565]
[32m INFO[0m [1mwidget[0m[1m{[0m[3mname[0m[2m=[0m"top-bar"[1m}[0m[2m:[0m Keyboard focus entered
[32m INFO[0m [1mwidget[0m[1m{[0m[3mname[0m[2m=[0m"top-bar"[1m}[0m[2m:[0m Win: input region removed: [x: 0, y: 35, width: 1536, height: 565]
[32m INFO[0m [1mwidget[0m[1m{[0m[3mname[0m[2m=[0m"top-bar"[1m}[0m[2m:[0m Keyboard focus left
[32m INFO[0m [1mwidget[0m[1m{[0m[3mname[0m[2m=[0m"top-bar"[1m}[0m[2m:[0m Pointer left: (1285.8125, 302.22265625)
[32m INFO[0m [1mwidget[0m[1m{[0m[3mname[0m[2m=[0m"top-bar"[1m}[0m[2m:[0m Pointer left: (1478.65625, 34.58984375)
[32m INFO[0m [1mwidget[0m[1m{[0m[3mname[0m[2m=[0m"top-bar"[1m}[0m[2m:[0m Pointer left: (808.91015625, 31.15625)
[32m INFO[0m [1mwidget[0m[1m{[0m[3mname[0m[2m=[0m"top-bar"[1m}[0m[2m:[0m Pointer left: (852.86328125, 23.9609375)
[32m INFO[0m [1mwidget[0m[1m{[0m[3mname[0m[2m=[0m"workspace"[1m}[0m[2m:[0m Pointer left: (0.0, 499.40234375)
[32m INFO[0m [1mwidget[0m[1m{[0m[3mname[0m[2m=[0m"top-bar"[1m}[0m[2m:[0m Pointer left: (1488.10546875, 20.37109375)
[32m INFO[0m [1mwidget[0m[1m{[0m[3mname[0m[2m=[0m"top-bar"[1m}[0m[2m:[0m Pointer left: (1488.10546875, 20.37109375)
[32m INFO[0m [1mwidget[0m[1m{[0m[3mname[0m[2m=[0m"top-bar"[1m}[0m[2m:[0m Win: input region added: [x: 0, y: 35, width: 1536, height: 565]
[32m INFO[0m [1mwidget[0m[1m{[0m[3mname[0m[2m=[0m"top-bar"[1m}[0m[2m:[0m Keyboard focus entered
[32m INFO[0m [1mslint-log[0m[2m:[0m false
[32m INFO[0m [1mslint-log[0m[2m:[0m z
[32m INFO[0m [1mslint-log[0m[2m:[0m false
[32m INFO[0m [1mslint-log[0m[2m:[0m e
[32m INFO[0m [1mslint-log[0m[2m:[0m false
[32m INFO[0m [1mslint-log[0m[2m:[0m d
[32m INFO[0m [1mslint-log[0m[2m:[0m false
[32m INFO[0m [1mslint-log[0m[2m:[0m 

"setsid" "sh" "-c" "/home/ramayen/.local/zed.app/bin/zed"
"/home/ramayen/.local/zed.app/bin/zed"
[32m INFO[0m [1mwidget[0m[1m{[0m[3mname[0m[2m=[0m"top-bar"[1m}[0m[2m:[0m Win: input region removed: [x: 0, y: 35, width: 1536, height: 565]
[32m INFO[0m [1mwidget[0m[1m{[0m[3mname[0m[2m=[0m"top-bar"[1m}[0m[2m:[0m Keyboard focus left
[32m INFO[0m [1mwidget[0m[1m{[0m[3mname[0m[2m=[0m"top-bar"[1m}[0m[2m:[0m Pointer left: (1162.4140625, 361.671875)
[32m INFO[0m [1mwidget[0m[1m{[0m[3mname[0m[2m=[0m"top-bar"[1m}[0m[2m:[0m Pointer left: (1011.0390625, 27.1875)
[32m INFO[0m [1mwidget[0m[1m{[0m[3mname[0m[2m=[0m"top-bar"[1m}[0m[2m:[0m Win: input region added: [x: 0, y: 35, width: 1536, height: 565]
[32m INFO[0m [1mwidget[0m[1m{[0m[3mname[0m[2m=[0m"top-bar"[1m}[0m[2m:[0m Keyboard focus entered
[32m INFO[0m [1mslint-log[0m[2m:[0m false
[32m INFO[0m [1mslint-log[0m[2m:[0m 

[32m INFO[0m [1mwidget[0m[1m{[0m[3mname[0m[2m=[0m"top-bar"[1m}[0m[2m:[0m Win: input region removed: [x: 0, y: 35, width: 1536, height: 565]
[32m INFO[0m [1mwidget[0m[1m{[0m[3mname[0m[2m=[0m"top-bar"[1m}[0m[2m:[0m Keyboard focus left
[32m INFO[0m [1mwidget[0m[1m{[0m[3mname[0m[2m=[0m"top-bar"[1m}[0m[2m:[0m Pointer left: (243.47265625, 361.57421875)
[32m INFO[0m [1mwidget[0m[1m{[0m[3mname[0m[2m=[0m"workspace"[1m}[0m[2m:[0m Pointer left: (5.69921875, 292.4453125)
[32m INFO[0m [1mwidget[0m[1m{[0m[3mname[0m[2m=[0m"workspace"[1m}[0m[2m:[0m Pointer left: (4.2734375, 263.89453125)
[32m INFO[0m [1mwidget[0m[1m{[0m[3mname[0m[2m=[0m"workspace"[1m}[0m[2m:[0m Pointer left: (4.11328125, 92.24609375)
[32m INFO[0m [1mwidget[0m[1m{[0m[3mname[0m[2m=[0m"top-bar"[1m}[0m[2m:[0m Pointer left: (0.0, 7.90234375)
[32m INFO[0m [1mwidget[0m[1m{[0m[3mname[0m[2m=[0m"workspace"[1m}[0m[2m:[0m Pointer left: (0.0, 7.96484375)
[32m INFO[0m [1mwidget[0m[1m{[0m[3mname[0m[2m=[0m"workspace"[1m}[0m[2m:[0m Pointer left: (5.3046875, 59.18359375)
[32m INFO[0m [1mwidget[0m[1m{[0m[3mname[0m[2m=[0m"workspace"[1m}[0m[2m:[0m Pointer left: (0.0, 17.27734375)
[32m INFO[0m [1mwidget[0m[1m{[0m[3mname[0m[2m=[0m"top-bar"[1m}[0m[2m:[0m Pointer left: (1.7421875, 30.6171875)
[32m INFO[0m [1mwidget[0m[1m{[0m[3mname[0m[2m=[0m"top-bar"[1m}[0m[2m:[0m Pointer left: (0.0, 9.453125)
[32m INFO[0m [1mwidget[0m[1m{[0m[3mname[0m[2m=[0m"top-bar"[1m}[0m[2m:[0m Pointer left: (53.73046875, 34.50390625)
[32m INFO[0m [1mwidget[0m[1m{[0m[3mname[0m[2m=[0m"top-bar"[1m}[0m[2m:[0m Win: input region added: [x: 0, y: 35, width: 1536, height: 565]
[32m INFO[0m [1mwidget[0m[1m{[0m[3mname[0m[2m=[0m"top-bar"[1m}[0m[2m:[0m Keyboard focus entered
[32m INFO[0m [1mwidget[0m[1m{[0m[3mname[0m[2m=[0m"top-bar"[1m}[0m[2m:[0m Win: input region removed: [x: 0, y: 35, width: 1536, height: 565]
[32m INFO[0m [1mwidget[0m[1m{[0m[3mname[0m[2m=[0m"top-bar"[1m}[0m[2m:[0m Keyboard focus left
[32m INFO[0m [1mwidget[0m[1m{[0m[3mname[0m[2m=[0m"top-bar"[1m}[0m[2m:[0m Pointer left: (682.9765625, 305.484375)
[32m INFO[0m [1mwidget[0m[1m{[0m[3mname[0m[2m=[0m"top-bar"[1m}[0m[2m:[0m Pointer left: (1400.5625, 25.609375)
[32m INFO[0m [1mwidget[0m[1m{[0m[3mname[0m[2m=[0m"top-bar"[1m}[0m[2m:[0m Pointer left: (454.71875, 34.203125)
[32m INFO[0m [1mwidget[0m[1m{[0m[3mname[0m[2m=[0m"top-bar"[1m}[0m[2m:[0m Pointer left: (1421.19140625, 20.66015625)
[32m INFO[0m [1mwidget[0m[1m{[0m[3mname[0m[2m=[0m"workspace"[1m}[0m[2m:[0m Pointer left: (0.0, 355.93359375)
[32m INFO[0m [1mwidget[0m[1m{[0m[3mname[0m[2m=[0m"top-bar"[1m}[0m[2m:[0m Pointer left: (554.27734375, 34.52734375)
[32m INFO[0m [1mwidget[0m[1m{[0m[3mname[0m[2m=[0m"top-bar"[1m}[0m[2m:[0m Pointer left: (549.18359375, 26.25390625)
[32m INFO[0m [1mwidget[0m[1m{[0m[3mname[0m[2m=[0m"top-bar"[1m}[0m[2m:[0m Pointer left: (107.55859375, 33.984375)
[32m INFO[0m [1mwidget[0m[1m{[0m[3mname[0m[2m=[0m"top-bar"[1m}[0m[2m:[0m Pointer left: (406.40234375, 33.046875)
[32m INFO[0m [1mwidget[0m[1m{[0m[3mname[0m[2m=[0m"workspace"[1m}[0m[2m:[0m Pointer left: (2.84765625, 617.78515625)
[32m INFO[0m [1mwidget[0m[1m{[0m[3mname[0m[2m=[0m"workspace"[1m}[0m[2m:[0m Pointer left: (2.83203125, 779.671875)
[32m INFO[0m [1mwidget[0m[1m{[0m[3mname[0m[2m=[0m"workspace"[1m}[0m[2m:[0m Pointer left: (5.69921875, 500.82421875)
[32m INFO[0m [1mwidget[0m[1m{[0m[3mname[0m[2m=[0m"top-bar"[1m}[0m[2m:[0m Win: input region added: [x: 0, y: 35, width: 1536, height: 565]
[32m INFO[0m [1mwidget[0m[1m{[0m[3mname[0m[2m=[0m"top-bar"[1m}[0m[2m:[0m Keyboard focus entered
[32m INFO[0m [1mslint-log[0m[2m:[0m false
[32m INFO[0m [1mslint-log[0m[2m:[0m z
[32m INFO[0m [1mslint-log[0m[2m:[0m false
[32m INFO[0m [1mslint-log[0m[2m:[0m e
[32m INFO[0m [1mslint-log[0m[2m:[0m false
[32m INFO[0m [1mslint-log[0m[2m:[0m d
[32m INFO[0m [1mslint-log[0m[2m:[0m false
[32m INFO[0m [1mslint-log[0m[2m:[0m 

"setsid" "sh" "-c" "/home/ramayen/.local/zed.app/bin/zed"
"/home/ramayen/.local/zed.app/bin/zed"
[32m INFO[0m [1mwidget[0m[1m{[0m[3mname[0m[2m=[0m"top-bar"[1m}[0m[2m:[0m Win: input region removed: [x: 0, y: 35, width: 1536, height: 565]
[32m INFO[0m [1mwidget[0m[1m{[0m[3mname[0m[2m=[0m"top-bar"[1m}[0m[2m:[0m Keyboard focus left
[32m INFO[0m [1mwidget[0m[1m{[0m[3mname[0m[2m=[0m"top-bar"[1m}[0m[2m:[0m Pointer left: (678.75390625, 329.34375)
[32m INFO[0m [1mwidget[0m[1m{[0m[3mname[0m[2m=[0m"workspace"[1m}[0m[2m:[0m Pointer left: (6.41015625, 380.72265625)
